#! /usr/bin/vvp
:ivl_version "10.3 (stable)";
:ivl_delay_selection "TYPICAL";
:vpi_time_precision - 12;
:vpi_module "system";
:vpi_module "vhdl_sys";
:vpi_module "v2005_math";
:vpi_module "va_math";
S_0x555e9beb0dd0 .scope module, "dpll_tb" "dpll_tb" 2 3;
 .timescale -9 -12;
v0x555e9becf140_0 .var "clk_fin", 0 0;
v0x555e9becf200_0 .var "freq_select", 1 0;
L_0x7fc823e06018 .functor BUFT 1, C4<00>, C4<0>, C4<0>, C4<0>;
v0x555e9becf2a0_0 .net "io_oeb", 1 0, L_0x7fc823e06018;  1 drivers
v0x555e9becf340_0 .net "io_out", 1 0, L_0x555e9becf5b0;  1 drivers
v0x555e9becf3e0_0 .var "wb_clk_i", 0 0;
v0x555e9becf480_0 .var "wb_rst_i", 0 0;
S_0x555e9beb0f50 .scope module, "dpll_inst" "dpll" 2 11, 3 3 0, S_0x555e9beb0dd0;
 .timescale 0 0;
    .port_info 0 /INPUT 1 "wb_clk_i"
    .port_info 1 /INPUT 1 "wb_rst_i"
    .port_info 2 /INPUT 2 "freq_select"
    .port_info 3 /INPUT 1 "clk_fin"
    .port_info 4 /OUTPUT 2 "io_out"
    .port_info 5 /OUTPUT 2 "io_oeb"
v0x555e9be92fa0_0 .net *"_s3", 0 0, v0x555e9bece2d0_0;  1 drivers
v0x555e9be93d60_0 .net *"_s8", 0 0, v0x555e9be956f0_0;  1 drivers
v0x555e9be956f0_0 .var "clk8x_fout", 0 0;
v0x555e9bece210_0 .net "clk_fin", 0 0, v0x555e9becf140_0;  1 drivers
v0x555e9bece2d0_0 .var "clk_fout", 0 0;
v0x555e9bece3e0_0 .net "freq_select", 1 0, v0x555e9becf200_0;  1 drivers
v0x555e9bece4c0_0 .var "id_decrement", 0 0;
v0x555e9bece580_0 .var "id_decrement_done", 0 0;
v0x555e9bece640_0 .var "id_increment", 0 0;
v0x555e9bece700_0 .var "id_increment_done", 0 0;
v0x555e9bece7c0_0 .var "id_out", 0 0;
v0x555e9bece880_0 .net "io_oeb", 1 0, L_0x7fc823e06018;  alias, 1 drivers
v0x555e9bece960_0 .net "io_out", 1 0, L_0x555e9becf5b0;  alias, 1 drivers
v0x555e9becea40_0 .var "k_count", 7 0;
v0x555e9beceb20_0 .var "k_count_borrow", 0 0;
v0x555e9becebe0_0 .var "k_count_carry", 0 0;
v0x555e9bececa0_0 .var "k_count_down", 0 0;
v0x555e9beced60_0 .var "k_count_enable", 0 0;
v0x555e9becee20_0 .var "n_count", 8 0;
v0x555e9becef00_0 .net "wb_clk_i", 0 0, v0x555e9becf3e0_0;  1 drivers
v0x555e9becefc0_0 .net "wb_rst_i", 0 0, v0x555e9becf480_0;  1 drivers
E_0x555e9be6ba50 .event edge, v0x555e9bece3e0_0, v0x555e9becee20_0;
E_0x555e9be6bc90 .event posedge, v0x555e9becef00_0;
E_0x555e9bea12f0 .event edge, v0x555e9bece210_0, v0x555e9bece2d0_0;
L_0x555e9becf5b0 .concat8 [ 1 1 0 0], v0x555e9bece2d0_0, v0x555e9be956f0_0;
    .scope S_0x555e9beb0f50;
T_0 ;
    %pushi/vec4 0, 0, 1;
    %store/vec4 v0x555e9beced60_0, 0, 1;
    %pushi/vec4 1, 0, 1;
    %store/vec4 v0x555e9bececa0_0, 0, 1;
    %pushi/vec4 0, 0, 1;
    %store/vec4 v0x555e9beceb20_0, 0, 1;
    %pushi/vec4 0, 0, 1;
    %store/vec4 v0x555e9becebe0_0, 0, 1;
    %pushi/vec4 0, 0, 1;
    %store/vec4 v0x555e9bece640_0, 0, 1;
    %pushi/vec4 0, 0, 1;
    %store/vec4 v0x555e9bece4c0_0, 0, 1;
    %pushi/vec4 0, 0, 1;
    %store/vec4 v0x555e9bece700_0, 0, 1;
    %pushi/vec4 0, 0, 1;
    %store/vec4 v0x555e9bece580_0, 0, 1;
    %pushi/vec4 0, 0, 1;
    %store/vec4 v0x555e9bece7c0_0, 0, 1;
    %end;
    .thread T_0;
    .scope S_0x555e9beb0f50;
T_1 ;
    %wait E_0x555e9bea12f0;
    %load/vec4 v0x555e9bece210_0;
    %load/vec4 v0x555e9bece2d0_0;
    %xor;
    %store/vec4 v0x555e9beced60_0, 0, 1;
    %jmp T_1;
    .thread T_1, $push;
    .scope S_0x555e9beb0f50;
T_2 ;
    %wait E_0x555e9be6bc90;
    %load/vec4 v0x555e9becefc0_0;
    %cmpi/e 1, 0, 1;
    %jmp/0xz  T_2.0, 4;
    %pushi/vec4 0, 0, 8;
    %assign/vec4 v0x555e9becea40_0, 0;
    %jmp T_2.1;
T_2.0 ;
    %load/vec4 v0x555e9beced60_0;
    %pad/u 32;
    %cmpi/e 1, 0, 32;
    %jmp/0xz  T_2.2, 4;
    %load/vec4 v0x555e9bececa0_0;
    %pad/u 32;
    %cmpi/e 0, 0, 32;
    %jmp/0xz  T_2.4, 4;
    %load/vec4 v0x555e9becea40_0;
    %addi 1, 0, 8;
    %assign/vec4 v0x555e9becea40_0, 0;
    %load/vec4 v0x555e9becea40_0;
    %pad/u 16;
    %cmpi/e 255, 0, 16;
    %jmp/0xz  T_2.6, 4;
    %pushi/vec4 1, 0, 1;
    %assign/vec4 v0x555e9becebe0_0, 0;
    %jmp T_2.7;
T_2.6 ;
    %pushi/vec4 0, 0, 1;
    %assign/vec4 v0x555e9becebe0_0, 0;
T_2.7 ;
    %jmp T_2.5;
T_2.4 ;
    %load/vec4 v0x555e9becea40_0;
    %subi 1, 0, 8;
    %assign/vec4 v0x555e9becea40_0, 0;
    %load/vec4 v0x555e9becea40_0;
    %pad/u 16;
    %cmpi/e 0, 0, 16;
    %jmp/0xz  T_2.8, 4;
    %pushi/vec4 1, 0, 1;
    %assign/vec4 v0x555e9beceb20_0, 0;
    %jmp T_2.9;
T_2.8 ;
    %pushi/vec4 0, 0, 1;
    %assign/vec4 v0x555e9beceb20_0, 0;
T_2.9 ;
T_2.5 ;
    %jmp T_2.3;
T_2.2 ;
    %pushi/vec4 0, 0, 1;
    %assign/vec4 v0x555e9becebe0_0, 0;
    %pushi/vec4 0, 0, 1;
    %assign/vec4 v0x555e9beceb20_0, 0;
T_2.3 ;
T_2.1 ;
    %jmp T_2;
    .thread T_2;
    .scope S_0x555e9beb0f50;
T_3 ;
    %wait E_0x555e9be6bc90;
    %load/vec4 v0x555e9becefc0_0;
    %cmpi/e 1, 0, 1;
    %jmp/0xz  T_3.0, 4;
    %pushi/vec4 0, 0, 1;
    %assign/vec4 v0x555e9bece640_0, 0;
    %jmp T_3.1;
T_3.0 ;
    %load/vec4 v0x555e9bece640_0;
    %pad/u 32;
    %pushi/vec4 0, 0, 32;
    %cmp/e;
    %flag_get/vec4 4;
    %load/vec4 v0x555e9becebe0_0;
    %pad/u 32;
    %pushi/vec4 1, 0, 32;
    %cmp/e;
    %flag_get/vec4 4;
    %and;
    %flag_set/vec4 8;
    %jmp/0xz  T_3.2, 8;
    %pushi/vec4 1, 0, 1;
    %assign/vec4 v0x555e9bece640_0, 0;
    %jmp T_3.3;
T_3.2 ;
    %load/vec4 v0x555e9bece700_0;
    %pad/u 32;
    %cmpi/e 1, 0, 32;
    %jmp/0xz  T_3.4, 4;
    %pushi/vec4 0, 0, 1;
    %assign/vec4 v0x555e9bece640_0, 0;
T_3.4 ;
T_3.3 ;
T_3.1 ;
    %jmp T_3;
    .thread T_3;
    .scope S_0x555e9beb0f50;
T_4 ;
    %wait E_0x555e9be6bc90;
    %load/vec4 v0x555e9becefc0_0;
    %cmpi/e 1, 0, 1;
    %jmp/0xz  T_4.0, 4;
    %pushi/vec4 0, 0, 1;
    %assign/vec4 v0x555e9bece4c0_0, 0;
    %jmp T_4.1;
T_4.0 ;
    %load/vec4 v0x555e9bece4c0_0;
    %pad/u 32;
    %pushi/vec4 0, 0, 32;
    %cmp/e;
    %flag_get/vec4 4;
    %load/vec4 v0x555e9beceb20_0;
    %pad/u 32;
    %pushi/vec4 1, 0, 32;
    %cmp/e;
    %flag_get/vec4 4;
    %and;
    %flag_set/vec4 8;
    %jmp/0xz  T_4.2, 8;
    %pushi/vec4 1, 0, 1;
    %assign/vec4 v0x555e9bece4c0_0, 0;
    %jmp T_4.3;
T_4.2 ;
    %load/vec4 v0x555e9bece580_0;
    %pad/u 32;
    %cmpi/e 1, 0, 32;
    %jmp/0xz  T_4.4, 4;
    %pushi/vec4 0, 0, 1;
    %assign/vec4 v0x555e9bece4c0_0, 0;
T_4.4 ;
T_4.3 ;
T_4.1 ;
    %jmp T_4;
    .thread T_4;
    .scope S_0x555e9beb0f50;
T_5 ;
    %wait E_0x555e9be6bc90;
    %load/vec4 v0x555e9becefc0_0;
    %cmpi/e 1, 0, 1;
    %jmp/0xz  T_5.0, 4;
    %pushi/vec4 0, 0, 1;
    %assign/vec4 v0x555e9bece7c0_0, 0;
    %pushi/vec4 0, 0, 1;
    %assign/vec4 v0x555e9bece700_0, 0;
    %pushi/vec4 0, 0, 1;
    %assign/vec4 v0x555e9bece580_0, 0;
    %jmp T_5.1;
T_5.0 ;
    %load/vec4 v0x555e9bece7c0_0;
    %pad/u 32;
    %cmpi/e 0, 0, 32;
    %jmp/0xz  T_5.2, 4;
    %load/vec4 v0x555e9bece4c0_0;
    %pad/u 32;
    %cmpi/e 1, 0, 32;
    %jmp/0xz  T_5.4, 4;
    %pushi/vec4 0, 0, 1;
    %assign/vec4 v0x555e9bece7c0_0, 0;
    %pushi/vec4 1, 0, 1;
    %assign/vec4 v0x555e9bece580_0, 0;
    %jmp T_5.5;
T_5.4 ;
    %pushi/vec4 1, 0, 1;
    %assign/vec4 v0x555e9bece7c0_0, 0;
    %pushi/vec4 0, 0, 1;
    %assign/vec4 v0x555e9bece580_0, 0;
T_5.5 ;
    %jmp T_5.3;
T_5.2 ;
    %load/vec4 v0x555e9bece7c0_0;
    %pad/u 32;
    %cmpi/e 1, 0, 32;
    %jmp/0xz  T_5.6, 4;
    %load/vec4 v0x555e9bece640_0;
    %pad/u 32;
    %cmpi/e 1, 0, 32;
    %jmp/0xz  T_5.8, 4;
    %pushi/vec4 1, 0, 1;
    %assign/vec4 v0x555e9bece7c0_0, 0;
    %pushi/vec4 1, 0, 1;
    %assign/vec4 v0x555e9bece700_0, 0;
    %jmp T_5.9;
T_5.8 ;
    %pushi/vec4 0, 0, 1;
    %assign/vec4 v0x555e9bece7c0_0, 0;
    %pushi/vec4 0, 0, 1;
    %assign/vec4 v0x555e9bece700_0, 0;
T_5.9 ;
T_5.6 ;
T_5.3 ;
T_5.1 ;
    %jmp T_5;
    .thread T_5;
    .scope S_0x555e9beb0f50;
T_6 ;
    %wait E_0x555e9be6bc90;
    %load/vec4 v0x555e9becefc0_0;
    %cmpi/e 1, 0, 1;
    %jmp/0xz  T_6.0, 4;
    %pushi/vec4 0, 0, 9;
    %assign/vec4 v0x555e9becee20_0, 0;
    %jmp T_6.1;
T_6.0 ;
    %load/vec4 v0x555e9bece7c0_0;
    %pad/u 32;
    %cmpi/e 1, 0, 32;
    %jmp/0xz  T_6.2, 4;
    %load/vec4 v0x555e9becee20_0;
    %addi 1, 0, 9;
    %assign/vec4 v0x555e9becee20_0, 0;
T_6.2 ;
T_6.1 ;
    %jmp T_6;
    .thread T_6;
    .scope S_0x555e9beb0f50;
T_7 ;
    %wait E_0x555e9be6ba50;
    %load/vec4 v0x555e9bece3e0_0;
    %dup/vec4;
    %pushi/vec4 0, 0, 2;
    %cmp/u;
    %jmp/1 T_7.0, 6;
    %dup/vec4;
    %pushi/vec4 1, 0, 2;
    %cmp/u;
    %jmp/1 T_7.1, 6;
    %dup/vec4;
    %pushi/vec4 2, 0, 2;
    %cmp/u;
    %jmp/1 T_7.2, 6;
    %jmp T_7.3;
T_7.0 ;
    %load/vec4 v0x555e9becee20_0;
    %parti/s 1, 6, 4;
    %store/vec4 v0x555e9bece2d0_0, 0, 1;
    %load/vec4 v0x555e9becee20_0;
    %parti/s 1, 3, 3;
    %store/vec4 v0x555e9be956f0_0, 0, 1;
    %jmp T_7.3;
T_7.1 ;
    %load/vec4 v0x555e9becee20_0;
    %parti/s 1, 7, 4;
    %store/vec4 v0x555e9bece2d0_0, 0, 1;
    %load/vec4 v0x555e9becee20_0;
    %parti/s 1, 6, 4;
    %store/vec4 v0x555e9be956f0_0, 0, 1;
    %jmp T_7.3;
T_7.2 ;
    %load/vec4 v0x555e9becee20_0;
    %parti/s 1, 8, 5;
    %store/vec4 v0x555e9bece2d0_0, 0, 1;
    %load/vec4 v0x555e9becee20_0;
    %parti/s 1, 7, 4;
    %store/vec4 v0x555e9be956f0_0, 0, 1;
    %jmp T_7.3;
T_7.3 ;
    %pop/vec4 1;
    %jmp T_7;
    .thread T_7, $push;
    .scope S_0x555e9beb0dd0;
T_8 ;
    %delay 5000, 0;
    %load/vec4 v0x555e9becf3e0_0;
    %inv;
    %store/vec4 v0x555e9becf3e0_0, 0, 1;
    %jmp T_8;
    .thread T_8;
    .scope S_0x555e9beb0dd0;
T_9 ;
    %vpi_call 2 24 "$dumpfile", "dpll.vcd" {0 0 0};
    %vpi_call 2 25 "$dumpvars", 32'sb00000000000000000000000000000000, S_0x555e9beb0dd0 {0 0 0};
    %pushi/vec4 0, 0, 1;
    %store/vec4 v0x555e9becf3e0_0, 0, 1;
    %pushi/vec4 1, 0, 1;
    %store/vec4 v0x555e9becf480_0, 0, 1;
    %pushi/vec4 0, 0, 1;
    %store/vec4 v0x555e9becf140_0, 0, 1;
    %pushi/vec4 0, 0, 2;
    %store/vec4 v0x555e9becf200_0, 0, 2;
    %delay 10000, 0;
    %pushi/vec4 0, 0, 1;
    %store/vec4 v0x555e9becf480_0, 0, 1;
T_9.0 ;
    %delay 10000, 0;
    %load/vec4 v0x555e9becf140_0;
    %inv;
    %store/vec4 v0x555e9becf140_0, 0, 1;
    %jmp T_9.0;
    %end;
    .thread T_9;
    .scope S_0x555e9beb0dd0;
T_10 ;
    %delay 100000, 0;
    %pushi/vec4 1, 0, 2;
    %store/vec4 v0x555e9becf200_0, 0, 2;
    %delay 100000, 0;
    %pushi/vec4 2, 0, 2;
    %store/vec4 v0x555e9becf200_0, 0, 2;
    %delay 100000, 0;
    %vpi_call 2 42 "$finish" {0 0 0};
    %end;
    .thread T_10;
    .scope S_0x555e9beb0dd0;
T_11 ;
    %vpi_call 2 47 "$monitor", "Time = %t, clk_fin = %b, freq_select = %b, io_out = %b", $time, v0x555e9becf140_0, v0x555e9becf200_0, v0x555e9becf340_0 {0 0 0};
    %end;
    .thread T_11;
# The file index is used to find the file name in the following table.
:file_names 4;
    "N/A";
    "<interactive>";
    "verilog/rtl/dpll_tb2.v";
    "verilog/rtl/dpll.v";
